<?xml version="1.0" encoding="utf-8"?><testsuites name="pytest tests"><testsuite name="pytest" errors="0" failures="0" skipped="0" tests="13" time="2.330" timestamp="2026-06-10T10:31:11.567285+00:00" hostname="agent-env-942af9e4-ff03-469e-9382-dbfa3f99ebaa"><testcase classname="backend.tests.test_nikovision_api" name="test_root" time="0.235" /><testcase classname="backend.tests.test_nikovision_api" name="test_create_quote_success" time="0.126" /><testcase classname="backend.tests.test_nikovision_api" name="test_create_quote_missing_fields" time="0.049" /><testcase classname="backend.tests.test_nikovision_api" name="test_create_quote_invalid_email" time="0.050" /><testcase classname="backend.tests.test_nikovision_api" name="test_list_quotes" time="0.052" /><testcase classname="backend.tests.test_nikovision_api" name="test_create_contact_success" time="0.056" /><testcase classname="backend.tests.test_nikovision_api" name="test_create_contact_invalid_email" time="0.050" /><testcase classname="backend.tests.test_nikovision_api" name="test_create_review_success" time="0.051" /><testcase classname="backend.tests.test_nikovision_api" name="test_create_review_rating_out_of_range_high" time="0.050" /><testcase classname="backend.tests.test_nikovision_api" name="test_create_review_rating_out_of_range_low" time="0.050" /><testcase classname="backend.tests.test_nikovision_api" name="test_create_review_missing_fields" time="0.057" /><testcase classname="backend.tests.test_nikovision_api" name="test_create_review_text_too_short" time="0.050" /><testcase classname="backend.tests.test_nikovision_api" name="test_list_reviews_sorted_desc" time="1.267" /></testsuite></testsuites>