<?xml version="1.0" encoding="utf-8"?><testsuites name="pytest tests"><testsuite name="pytest" errors="0" failures="0" skipped="0" tests="7" time="0.768" timestamp="2026-06-03T15:01:40.392443+00:00" hostname="agent-env-942af9e4-ff03-469e-9382-dbfa3f99ebaa"><testcase classname="backend.tests.test_nikovision_api" name="test_root" time="0.267" /><testcase classname="backend.tests.test_nikovision_api" name="test_create_quote_success" time="0.100" /><testcase classname="backend.tests.test_nikovision_api" name="test_create_quote_missing_fields" time="0.048" /><testcase classname="backend.tests.test_nikovision_api" name="test_create_quote_invalid_email" time="0.047" /><testcase classname="backend.tests.test_nikovision_api" name="test_list_quotes" time="0.049" /><testcase classname="backend.tests.test_nikovision_api" name="test_create_contact_success" time="0.058" /><testcase classname="backend.tests.test_nikovision_api" name="test_create_contact_invalid_email" time="0.048" /></testsuite></testsuites>